\BOOKMARK [0][-]{section*.2}{\376\377\000P\000r\000o\000j\000e\000c\000t\000\040\0001}{}% 2
\BOOKMARK [1][-]{section*.1}{\376\377\000A\000b\000s\000t\000r\000a\000c\000t}{section*.2}% 1
\BOOKMARK [1][-]{section*.3}{\376\377\000I\000n\000t\000r\000o\000d\000u\000c\000t\000i\000o\000n}{section*.2}% 3
\BOOKMARK [1][-]{section*.4}{\376\377\000T\000h\000e\000o\000r\000y}{section*.2}% 4
\BOOKMARK [2][-]{section*.5}{\376\377\000O\000L\000S}{section*.4}% 5
\BOOKMARK [2][-]{section*.6}{\376\377\000R\000i\000d\000g\000e}{section*.4}% 6
\BOOKMARK [2][-]{section*.7}{\376\377\000L\000A\000S\000S\000O}{section*.4}% 7
\BOOKMARK [2][-]{section*.8}{\376\377\000C\000o\000n\000n\000e\000c\000t\000i\000o\000n\000\040\000t\000o\000\040\000S\000t\000a\000t\000i\000s\000t\000i\000c\000s}{section*.4}% 8
\BOOKMARK [2][-]{section*.9}{\376\377\000B\000i\000a\000s\000-\000V\000a\000r\000i\000a\000n\000c\000e}{section*.4}% 9
\BOOKMARK [2][-]{section*.10}{\376\377\000R\000e\000s\000a\000m\000p\000l\000i\000n\000g}{section*.4}% 10
\BOOKMARK [3][-]{section*.11}{\376\377\000B\000o\000o\000t\000s\000t\000r\000a\000p}{section*.10}% 11
\BOOKMARK [3][-]{section*.12}{\376\377\000C\000r\000o\000s\000s\000-\000V\000a\000l\000i\000d\000a\000t\000i\000o\000n}{section*.10}% 12
\BOOKMARK [1][-]{section*.13}{\376\377\000I\000m\000p\000l\000e\000m\000e\000n\000t\000a\000t\000i\000o\000n}{section*.2}% 13
\BOOKMARK [1][-]{section*.14}{\376\377\000R\000e\000s\000u\000l\000t\000s}{section*.2}% 14
\BOOKMARK [2][-]{section*.15}{\376\377\000T\000h\000e\000\040\000F\000r\000a\000n\000k\000e\000\040\000F\000u\000n\000c\000t\000i\000o\000n}{section*.14}% 15
\BOOKMARK [3][-]{section*.16}{\376\377\000O\000L\000S}{section*.15}% 16
\BOOKMARK [3][-]{section*.17}{\376\377\000R\000i\000d\000g\000e}{section*.15}% 17
\BOOKMARK [3][-]{section*.18}{\376\377\000L\000A\000S\000S\000O}{section*.15}% 18
\BOOKMARK [2][-]{section*.19}{\376\377\000C\000r\000o\000s\000s\000\040\000V\000a\000l\000i\000d\000a\000t\000i\000o\000n\000\040\000a\000n\000d\000\040\000B\000o\000o\000t\000s\000t\000r\000a\000p}{section*.14}% 19
\BOOKMARK [1][-]{section*.20}{\376\377\000D\000i\000s\000c\000u\000s\000s\000i\000o\000n}{section*.2}% 20
\BOOKMARK [1][-]{section*.21}{\376\377\000C\000o\000n\000c\000l\000u\000s\000i\000o\000n}{section*.2}% 21
\BOOKMARK [1][-]{section*.22}{\376\377\000D\000e\000r\000i\000v\000a\000t\000i\000o\000n\000s}{section*.2}% 22
\BOOKMARK [2][-]{section*.23}{\376\377\000M\000o\000d\000e\000l}{section*.22}% 23
\BOOKMARK [2][-]{section*.24}{\376\377\000C\000o\000e\000f\000f\000i\000c\000i\000e\000n\000t\000s}{section*.22}% 24
\BOOKMARK [2][-]{section*.25}{\376\377\000B\000i\000a\000s\000-\000V\000a\000r\000i\000a\000n\000c\000e}{section*.22}% 25
\BOOKMARK [1][-]{section*.26}{}{section*.2}% 26
